2024-02-16 12:26:32,496 [WARNING] django.request: Not Found: /.vscode/sftp.json
2024-02-16 12:26:33,737 [WARNING] django.request: Not Found: /debug/default/view
2024-02-16 12:26:34,314 [WARNING] django.request: Not Found: /v2/_catalog
2024-02-16 12:26:34,902 [WARNING] django.request: Not Found: /ecp/Current/exporttool/microsoft.exchange.ediscovery.exporttool.application
2024-02-16 12:26:35,476 [WARNING] django.request: Not Found: /server-status
2024-02-16 12:26:36,088 [WARNING] django.request: Not Found: /login.action
2024-02-16 12:26:36,725 [WARNING] django.request: Not Found: /_all_dbs
2024-02-16 12:26:37,429 [WARNING] django.request: Not Found: /.DS_Store
2024-02-16 12:26:38,021 [WARNING] django.request: Not Found: /.env
2024-02-16 12:26:38,634 [WARNING] django.request: Not Found: /.git/config
2024-02-16 12:26:39,219 [WARNING] django.request: Not Found: /s/733323e2136313e2436313e25313/_/;/META-INF/maven/com.atlassian.jira/jira-webapp-dist/pom.properties
2024-02-16 12:26:39,802 [WARNING] django.request: Not Found: /config.json
2024-02-16 12:26:40,375 [WARNING] django.request: Not Found: /telescope/requests
2024-02-16 13:21:05,049 [WARNING] django.request: Not Found: /robots.txt
2024-02-16 13:21:06,154 [WARNING] django.request: Not Found: /sitemap.xml
2024-02-16 13:21:07,226 [WARNING] django.request: Not Found: /.well-known/security.txt
2024-02-16 13:44:02,583 [WARNING] django.request: Not Found: /accounts/login/?next=/
2024-02-16 16:43:09,279 [WARNING] django.request: Not Found: /Core/Skin/Login.aspx
2024-02-16 17:49:16,639 [ERROR] django.security.DisallowedHost: Invalid HTTP_HOST header: 'www.rorschachtest.org.'. You may need to add 'www.rorschachtest.org' to ALLOWED_HOSTS.
Traceback (most recent call last):
  File "/home/ubuntu/venvs/rorschach/lib/python3.10/site-packages/django/core/handlers/exception.py", line 55, in inner
    response = get_response(request)
  File "/home/ubuntu/venvs/rorschach/lib/python3.10/site-packages/django/utils/deprecation.py", line 133, in __call__
    response = self.process_request(request)
  File "/home/ubuntu/venvs/rorschach/lib/python3.10/site-packages/django/middleware/common.py", line 48, in process_request
    host = request.get_host()
  File "/home/ubuntu/venvs/rorschach/lib/python3.10/site-packages/django/http/request.py", line 150, in get_host
    raise DisallowedHost(msg)
django.core.exceptions.DisallowedHost: Invalid HTTP_HOST header: 'www.rorschachtest.org.'. You may need to add 'www.rorschachtest.org' to ALLOWED_HOSTS.
2024-02-16 17:49:16,652 [WARNING] django.request: Bad Request: /
2024-02-16 18:14:40,422 [WARNING] django.request: Not Found: /Core/Skin/Login.aspx
2024-02-16 18:48:03,187 [WARNING] django.request: Not Found: /favicon.png
2024-02-16 18:48:03,397 [WARNING] django.request: Not Found: /favicon.png
2024-02-16 18:48:03,595 [WARNING] django.request: Not Found: /favicon.png
2024-02-16 19:38:21,999 [WARNING] django.request: Not Found: /owa/auth/x.js
2024-02-16 19:46:27,103 [WARNING] django.request: Not Found: /Core/Skin/Login.aspx
2024-02-16 20:45:08,312 [WARNING] django.request: Not Found: /robots.txt
2024-02-16 20:45:26,146 [WARNING] django.request: Not Found: /ads.txt
2024-02-16 20:51:10,822 [ERROR] django.security.DisallowedHost: Invalid HTTP_HOST header: 'www.rorschachtest.org'. You may need to add 'www.rorschachtest.org' to ALLOWED_HOSTS.
Traceback (most recent call last):
  File "/home/ubuntu/venvs/rorschach/lib/python3.10/site-packages/django/core/handlers/exception.py", line 55, in inner
    response = get_response(request)
  File "/home/ubuntu/venvs/rorschach/lib/python3.10/site-packages/django/utils/deprecation.py", line 133, in __call__
    response = self.process_request(request)
  File "/home/ubuntu/venvs/rorschach/lib/python3.10/site-packages/django/middleware/common.py", line 48, in process_request
    host = request.get_host()
  File "/home/ubuntu/venvs/rorschach/lib/python3.10/site-packages/django/http/request.py", line 150, in get_host
    raise DisallowedHost(msg)
django.core.exceptions.DisallowedHost: Invalid HTTP_HOST header: 'www.rorschachtest.org'. You may need to add 'www.rorschachtest.org' to ALLOWED_HOSTS.
2024-02-16 20:51:10,840 [WARNING] django.request: Bad Request: /
2024-02-16 20:57:26,774 [WARNING] django.request: Not Found: /robots.txt
2024-02-16 20:57:26,939 [WARNING] django.request: Not Found: /robots.txt
2024-02-16 21:17:40,031 [WARNING] django.request: Not Found: /Core/Skin/Login.aspx
2024-02-16 22:49:06,671 [WARNING] django.request: Not Found: /Core/Skin/Login.aspx
2024-02-16 23:49:09,654 [WARNING] django.request: Not Found: /favicon.png
2024-02-16 23:49:09,999 [WARNING] django.request: Not Found: /favicon.png
2024-02-16 23:49:10,188 [WARNING] django.request: Not Found: /favicon.png
2024-02-17 00:00:41,282 [WARNING] django.request: Not Found: /remote/login
2024-02-17 00:20:16,438 [WARNING] django.request: Not Found: /Core/Skin/Login.aspx
2024-02-17 00:35:53,020 [WARNING] django.request: Not Found: /Public/home/js/check.js
2024-02-17 01:34:32,542 [WARNING] django.request: Not Found: /robots.txt
2024-02-17 01:34:34,040 [WARNING] django.request: Not Found: /sitemap.xml
2024-02-17 01:34:36,863 [WARNING] django.request: Not Found: /.well-known/security.txt
2024-02-17 01:35:10,245 [WARNING] django.request: Not Found: /robots.txt
2024-02-17 01:51:10,714 [WARNING] django.request: Not Found: /Core/Skin/Login.aspx
2024-02-17 02:11:54,026 [WARNING] django.request: Not Found: /.env
2024-02-17 02:11:55,194 [WARNING] django.security.csrf: Forbidden (Referer checking failed - no Referer.): /
2024-02-17 02:28:30,782 [WARNING] django.request: Not Found: /robots.txt
2024-02-17 03:06:47,100 [WARNING] django.request: Not Found: /.env
2024-02-17 03:06:48,170 [WARNING] django.security.csrf: Forbidden (Referer checking failed - no Referer.): /
2024-02-17 03:17:45,243 [WARNING] django.request: Not Found: /.env
2024-02-17 03:21:47,719 [WARNING] django.request: Not Found: /Core/Skin/Login.aspx
2024-02-17 04:52:41,224 [WARNING] django.request: Not Found: /Core/Skin/Login.aspx
2024-02-17 04:53:49,672 [WARNING] django.request: Not Found: /robots.txt
2024-02-17 04:53:49,841 [WARNING] django.request: Not Found: /robots.txt
2024-02-17 06:02:01,930 [WARNING] django.request: Not Found: /actuator/health
2024-02-17 06:13:55,161 [WARNING] django.request: Not Found: /.env
2024-02-17 06:13:56,369 [WARNING] django.security.csrf: Forbidden (Referer checking failed - no Referer.): /
2024-02-17 06:23:35,181 [WARNING] django.request: Not Found: /Core/Skin/Login.aspx
2024-02-17 06:27:44,223 [WARNING] django.request: Not Found: //cdn.jsdelivr.net/npm/bootstrap@5.3.0/dist/js/bootstrap.bundle.min.js
2024-02-17 07:01:06,548 [WARNING] django.request: Not Found: /wp-admin/setup-config.php
2024-02-17 07:01:08,073 [WARNING] django.request: Not Found: /wordpress/wp-admin/setup-config.php
2024-02-17 07:01:09,604 [WARNING] django.request: Not Found: /core/wp-admin/setup-config.php
2024-02-17 07:01:11,127 [WARNING] django.request: Not Found: /blog/wp-admin/setup-config.php
2024-02-17 07:35:45,936 [WARNING] django.request: Not Found: /remote/login
2024-02-17 07:54:11,414 [WARNING] django.request: Not Found: /Core/Skin/Login.aspx
2024-02-17 09:04:58,311 [WARNING] django.request: Not Found: /.env
2024-02-17 09:04:59,530 [WARNING] django.security.csrf: Forbidden (Referer checking failed - no Referer.): /
2024-02-17 09:24:57,638 [WARNING] django.request: Not Found: /Core/Skin/Login.aspx
2024-02-17 10:55:41,294 [WARNING] django.request: Not Found: /Core/Skin/Login.aspx
2024-02-17 11:23:08,677 [WARNING] django.request: Not Found: /.env
2024-02-17 11:23:09,884 [WARNING] django.security.csrf: Forbidden (Referer checking failed - no Referer.): /
2024-02-17 11:24:51,201 [WARNING] django.request: Not Found: /.env
2024-02-17 11:24:52,507 [WARNING] django.security.csrf: Forbidden (Referer checking failed - no Referer.): /
2024-02-17 12:26:25,689 [WARNING] django.request: Not Found: /Core/Skin/Login.aspx
2024-02-17 13:16:04,507 [WARNING] django.request: Not Found: /webui/
2024-02-17 13:23:54,697 [WARNING] django.request: Not Found: /geoserver/web/
2024-02-17 13:25:12,374 [WARNING] django.request: Not Found: /.git/config
2024-02-17 13:57:36,506 [WARNING] django.request: Not Found: /Core/Skin/Login.aspx
2024-02-17 15:21:50,793 [WARNING] django.request: Not Found: /autodiscover/autodiscover.json
2024-02-17 15:29:43,285 [WARNING] django.request: Not Found: /Core/Skin/Login.aspx
2024-02-17 17:01:30,446 [WARNING] django.request: Not Found: /Core/Skin/Login.aspx
2024-02-17 18:00:00,619 [WARNING] django.request: Not Found: /wp-login.php
2024-02-17 18:12:02,007 [WARNING] django.request: Not Found: /.env
2024-02-17 18:12:03,744 [WARNING] django.security.csrf: Forbidden (Referer checking failed - no Referer.): /
2024-02-17 18:32:51,742 [WARNING] django.request: Not Found: /Core/Skin/Login.aspx
2024-02-17 20:04:01,315 [WARNING] django.request: Not Found: /Core/Skin/Login.aspx
2024-02-17 21:00:06,882 [WARNING] django.request: Not Found: /.env
2024-02-17 21:00:08,642 [WARNING] django.security.csrf: Forbidden (Referer checking failed - no Referer.): /
2024-02-17 21:34:38,297 [WARNING] django.request: Not Found: /Core/Skin/Login.aspx
2024-02-17 23:05:10,682 [WARNING] django.request: Not Found: /Core/Skin/Login.aspx
2024-02-18 00:15:22,952 [WARNING] django.request: Not Found: /robots.txt
2024-02-18 00:15:24,725 [WARNING] django.request: Not Found: /robots.txt
2024-02-18 00:26:53,214 [WARNING] django.request: Not Found: /.env
2024-02-18 00:26:54,421 [WARNING] django.security.csrf: Forbidden (Referer checking failed - no Referer.): /
2024-02-18 00:35:55,192 [WARNING] django.request: Not Found: /Core/Skin/Login.aspx
2024-02-18 01:23:27,843 [WARNING] django.request: Not Found: /.git/config
2024-02-18 01:41:04,463 [WARNING] django.request: Not Found: //cdn.js
2024-02-18 01:41:04,477 [WARNING] django.request: Not Found: /dist/js/bootstrap.bundle.min.js
2024-02-18 02:07:07,324 [WARNING] django.request: Not Found: /Core/Skin/Login.aspx
2024-02-18 03:37:54,571 [WARNING] django.request: Not Found: /Core/Skin/Login.aspx
2024-02-18 03:39:48,346 [WARNING] django.request: Not Found: /.env
2024-02-18 03:39:49,975 [WARNING] django.security.csrf: Forbidden (Referer checking failed - no Referer.): /
2024-02-18 05:08:59,289 [WARNING] django.request: Not Found: /Core/Skin/Login.aspx
2024-02-18 06:35:00,369 [WARNING] django.request: Not Found: /.env
2024-02-18 06:35:01,573 [WARNING] django.security.csrf: Forbidden (Referer checking failed - no Referer.): /
2024-02-18 06:39:42,694 [WARNING] django.request: Not Found: /Core/Skin/Login.aspx
2024-02-18 08:59:16,504 [WARNING] django.request: Not Found: /robots.txt
2024-02-18 08:59:16,675 [WARNING] django.request: Not Found: /robots.txt
2024-02-18 09:03:27,649 [WARNING] django.request: Not Found: /favicon.png
2024-02-18 09:03:27,866 [WARNING] django.request: Not Found: /favicon.png
2024-02-18 09:03:28,069 [WARNING] django.request: Not Found: /favicon.png
2024-02-18 09:07:57,687 [WARNING] django.request: Not Found: /Autodiscover/Autodiscover.xml
2024-02-18 09:21:17,751 [WARNING] django.request: Not Found: /vendor/phpunit/phpunit/src/Util/PHP/eval-stdin.php
2024-02-18 09:45:40,909 [WARNING] django.request: Not Found: /vendor/phpunit/phpunit/src/Util/PHP/eval-stdin.php
2024-02-18 10:28:16,459 [WARNING] django.request: Not Found: /.env
2024-02-18 11:08:21,702 [WARNING] django.request: Not Found: /console/
2024-02-18 11:12:05,110 [WARNING] django.request: Not Found: /.env
2024-02-18 11:12:06,525 [WARNING] django.security.csrf: Forbidden (Referer checking failed - no Referer.): /
2024-02-18 11:23:17,904 [WARNING] django.request: Not Found: /_ignition/execute-solution
2024-02-18 12:35:09,203 [WARNING] django.request: Not Found: /a
2024-02-18 12:35:13,486 [WARNING] django.request: Not Found: /download/file.ext
2024-02-18 12:35:16,356 [WARNING] django.request: Not Found: /SiteLoader
2024-02-18 12:35:19,476 [WARNING] django.request: Not Found: /mPlayer
2024-02-18 12:35:27,924 [WARNING] django.request: Not Found: /actuator/gateway/routes
2024-02-18 12:38:00,497 [WARNING] django.request: Not Found: //libs/js/iframe.js
2024-02-18 12:46:56,389 [WARNING] django.request: Not Found: /robots.txt
2024-02-18 12:46:57,902 [WARNING] django.request: Not Found: /sitemap.xml
2024-02-18 12:50:25,311 [WARNING] django.request: Not Found: /robots.txt
2024-02-18 13:22:55,201 [WARNING] django.request: Not Found: /geoserver
2024-02-18 14:13:54,615 [WARNING] django.request: Not Found: /.env
2024-02-18 14:13:56,159 [WARNING] django.security.csrf: Forbidden (Referer checking failed - no Referer.): /
2024-02-18 16:26:04,084 [WARNING] django.request: Not Found: /robots.txt
2024-02-18 16:26:04,255 [WARNING] django.request: Not Found: /robots.txt
2024-02-18 18:09:24,306 [WARNING] django.request: Not Found: /.env
2024-02-18 18:09:25,454 [WARNING] django.security.csrf: Forbidden (Referer checking failed - no Referer.): /
2024-02-18 19:51:58,037 [WARNING] django.request: Not Found: /.env
2024-02-18 21:42:08,534 [WARNING] django.request: Not Found: /.git/HEAD
2024-02-18 23:09:16,157 [WARNING] django.request: Not Found: /.env
2024-02-18 23:09:17,691 [WARNING] django.security.csrf: Forbidden (Referer checking failed - no Referer.): /
2024-02-19 01:43:09,606 [WARNING] django.request: Not Found: /Temporary_Listen_Addresses
2024-02-19 01:43:10,430 [WARNING] django.request: Not Found: /ews/exchanges/
2024-02-19 01:43:11,282 [WARNING] django.request: Not Found: /ews/exchange /
2024-02-19 01:43:12,053 [WARNING] django.request: Not Found: /ews/exchange/
2024-02-19 01:43:12,972 [WARNING] django.request: Not Found: /ews/ /
2024-02-19 01:43:13,886 [WARNING] django.request: Not Found: /ews/ews/
2024-02-19 01:43:14,676 [WARNING] django.request: Not Found: /ews/autodiscovers/
2024-02-19 01:43:15,467 [WARNING] django.request: Not Found: /autodiscover/autodiscovers/
2024-02-19 01:43:16,300 [WARNING] django.request: Not Found: /autodiscover/autodiscover /
2024-02-19 01:43:17,152 [WARNING] django.request: Not Found: /autodiscover/autodiscoverrs/
2024-02-19 01:43:17,954 [WARNING] django.request: Not Found: /autodiscove/
2024-02-19 03:13:47,553 [WARNING] django.request: Not Found: /robots.txt
2024-02-19 06:31:11,476 [WARNING] django.request: Not Found: /.env
2024-02-19 06:31:12,685 [WARNING] django.security.csrf: Forbidden (Referer checking failed - no Referer.): /
2024-02-19 09:00:28,102 [WARNING] django.request: Not Found: /.env
2024-02-19 09:20:40,022 [WARNING] django.request: Not Found: /sftp-config.json
2024-02-19 09:20:40,550 [WARNING] django.request: Not Found: /.vscode/sftp.json
2024-02-19 09:21:17,438 [WARNING] django.request: Not Found: /.env
2024-02-19 09:21:18,677 [WARNING] django.security.csrf: Forbidden (Referer checking failed - no Referer.): /
2024-02-19 11:53:59,265 [WARNING] django.request: Not Found: /.env
2024-02-19 11:54:00,462 [WARNING] django.security.csrf: Forbidden (Referer checking failed - no Referer.): /
2024-02-19 14:44:17,127 [WARNING] django.request: Not Found: /wordpress
2024-02-19 14:44:18,308 [WARNING] django.request: Not Found: /wp
2024-02-19 14:44:18,904 [WARNING] django.request: Not Found: /bc
2024-02-19 14:44:19,480 [WARNING] django.request: Not Found: /bk
2024-02-19 14:44:20,056 [WARNING] django.request: Not Found: /backup
2024-02-19 14:44:20,712 [WARNING] django.request: Not Found: /old
2024-02-19 14:44:21,286 [WARNING] django.request: Not Found: /new
2024-02-19 14:44:21,978 [WARNING] django.request: Not Found: /main
2024-02-19 14:44:22,543 [WARNING] django.request: Not Found: /home
2024-02-19 14:53:26,973 [WARNING] django.request: Not Found: /.env
2024-02-19 14:53:28,158 [WARNING] django.security.csrf: Forbidden (Referer checking failed - no Referer.): /
2024-02-19 16:00:31,407 [WARNING] django.request: Not Found: /api.json
2024-02-19 16:46:19,752 [WARNING] django.request: Not Found: /.env
2024-02-19 16:46:29,947 [WARNING] django.request: Not Found: /.env
2024-02-19 17:24:07,190 [WARNING] django.request: Not Found: /Core/Skin/Login.aspx
2024-02-19 17:50:54,721 [WARNING] django.request: Not Found: /.env
2024-02-19 18:16:06,017 [WARNING] django.request: Not Found: /.env
2024-02-19 18:16:07,237 [WARNING] django.security.csrf: Forbidden (Referer checking failed - no Referer.): /
2024-02-19 18:56:33,718 [WARNING] django.request: Not Found: /Core/Skin/Login.aspx
2024-02-19 19:11:13,789 [WARNING] django.request: Not Found: /.env
2024-02-19 19:11:15,085 [WARNING] django.security.csrf: Forbidden (Referer checking failed - no Referer.): /
2024-02-19 19:20:14,722 [WARNING] django.request: Not Found: //cdn.jsdelivr.net/npm/bootstrap@5.3.0/dist/js/bootstrap.bundle.min.js
2024-02-19 19:38:13,896 [ERROR] django.security.DisallowedHost: Invalid HTTP_HOST header: '0.0.0.0'. You may need to add '0.0.0.0' to ALLOWED_HOSTS.
Traceback (most recent call last):
  File "/home/ubuntu/venvs/rorschach/lib/python3.10/site-packages/django/core/handlers/exception.py", line 55, in inner
    response = get_response(request)
  File "/home/ubuntu/venvs/rorschach/lib/python3.10/site-packages/django/utils/deprecation.py", line 133, in __call__
    response = self.process_request(request)
  File "/home/ubuntu/venvs/rorschach/lib/python3.10/site-packages/django/middleware/common.py", line 48, in process_request
    host = request.get_host()
  File "/home/ubuntu/venvs/rorschach/lib/python3.10/site-packages/django/http/request.py", line 150, in get_host
    raise DisallowedHost(msg)
django.core.exceptions.DisallowedHost: Invalid HTTP_HOST header: '0.0.0.0'. You may need to add '0.0.0.0' to ALLOWED_HOSTS.
2024-02-19 19:38:13,929 [WARNING] django.request: Bad Request: /admin/config.php
2024-02-19 20:25:07,784 [WARNING] django.request: Not Found: /version
2024-02-19 20:28:42,012 [WARNING] django.request: Not Found: /Core/Skin/Login.aspx
2024-02-19 21:28:32,672 [WARNING] django.request: Not Found: /.git/config
2024-02-19 21:42:53,578 [ERROR] django.security.DisallowedHost: Invalid HTTP_HOST header: 'www.rorschachtest.org.'. You may need to add 'www.rorschachtest.org' to ALLOWED_HOSTS.
Traceback (most recent call last):
  File "/home/ubuntu/venvs/rorschach/lib/python3.10/site-packages/django/core/handlers/exception.py", line 55, in inner
    response = get_response(request)
  File "/home/ubuntu/venvs/rorschach/lib/python3.10/site-packages/django/utils/deprecation.py", line 133, in __call__
    response = self.process_request(request)
  File "/home/ubuntu/venvs/rorschach/lib/python3.10/site-packages/django/middleware/common.py", line 48, in process_request
    host = request.get_host()
  File "/home/ubuntu/venvs/rorschach/lib/python3.10/site-packages/django/http/request.py", line 150, in get_host
    raise DisallowedHost(msg)
django.core.exceptions.DisallowedHost: Invalid HTTP_HOST header: 'www.rorschachtest.org.'. You may need to add 'www.rorschachtest.org' to ALLOWED_HOSTS.
2024-02-19 21:42:53,590 [WARNING] django.request: Bad Request: /
2024-02-19 22:00:11,186 [WARNING] django.request: Not Found: /Core/Skin/Login.aspx
2024-02-19 23:46:29,293 [WARNING] django.request: Not Found: /.env
2024-02-19 23:46:30,579 [WARNING] django.security.csrf: Forbidden (Referer checking failed - no Referer.): /
2024-02-19 23:59:14,649 [WARNING] django.request: Not Found: /Public/home/js/check.js
2024-02-20 00:17:09,412 [WARNING] django.request: Not Found: /apis/apps/v1/namespaces/kube-system/daemonsets/
2024-02-20 00:17:53,365 [WARNING] django.request: Not Found: /autodiscover/autodiscover.json
2024-02-20 03:46:44,891 [WARNING] django.request: Not Found: /.env
2024-02-20 03:46:46,132 [WARNING] django.security.csrf: Forbidden (Referer checking failed - no Referer.): /
2024-02-20 03:49:16,881 [WARNING] django.request: Not Found: //cdn.js
2024-02-20 03:49:16,882 [WARNING] django.request: Not Found: /dist/js/bootstrap.bundle.min.js
2024-02-20 04:08:18,659 [WARNING] django.request: Not Found: /inputs.php
2024-02-20 04:31:05,665 [WARNING] django.request: Not Found: //cdn.js
2024-02-20 04:31:05,678 [WARNING] django.request: Not Found: /dist/js/bootstrap.bundle.min.js
2024-02-20 05:03:43,441 [WARNING] django.request: Not Found: /.env
2024-02-20 07:01:06,894 [WARNING] django.request: Not Found: /webui/
2024-02-20 07:11:13,910 [WARNING] django.request: Not Found: /geoserver/web/
2024-02-20 07:12:26,570 [WARNING] django.request: Not Found: /.git/config
2024-02-20 08:20:53,212 [WARNING] django.request: Not Found: /.env
2024-02-20 08:20:55,014 [WARNING] django.security.csrf: Forbidden (Referer checking failed - no Referer.): /
2024-02-20 08:36:52,172 [WARNING] django.request: Not Found: /media/images/card/1-1번.png
2024-02-20 08:36:52,192 [WARNING] django.request: Not Found: /media/images/card/1-2번.png
2024-02-20 08:36:52,208 [WARNING] django.request: Not Found: /media/images/card/1-3번.png
2024-02-20 08:36:52,210 [WARNING] django.request: Not Found: /media/images/card/1-4번.png
2024-02-20 08:36:52,210 [WARNING] django.request: Not Found: /media/images/card/1-5번.png
2024-02-20 08:36:52,228 [WARNING] django.request: Not Found: /media/images/card/1-6번.png
2024-02-20 08:36:52,299 [WARNING] django.request: Not Found: /media/images/card/1-17번.png
2024-02-20 08:36:52,305 [WARNING] django.request: Not Found: /media/images/card/1-19번.png
2024-02-20 08:36:52,308 [WARNING] django.request: Not Found: /media/images/card/1-12번.png
2024-02-20 08:36:52,309 [WARNING] django.request: Not Found: /media/images/card/1-14번.png
2024-02-20 08:36:52,310 [WARNING] django.request: Not Found: /media/images/card/1-15번.png
2024-02-20 08:36:52,311 [WARNING] django.request: Not Found: /media/images/card/1-11번.png
2024-02-20 08:36:52,313 [WARNING] django.request: Not Found: /media/images/card/1-9번.png
2024-02-20 08:36:52,313 [WARNING] django.request: Not Found: /media/images/card/1-18번.png
2024-02-20 08:36:52,319 [WARNING] django.request: Not Found: /media/images/card/1-8번.png
2024-02-20 08:36:52,321 [WARNING] django.request: Not Found: /media/images/card/1-10번.png
2024-02-20 08:36:52,322 [WARNING] django.request: Not Found: /media/images/card/1-7번.png
2024-02-20 08:36:52,324 [WARNING] django.request: Not Found: /media/images/card/1-13번.png
2024-02-20 08:36:52,325 [WARNING] django.request: Not Found: /media/images/card/1-20번.png
2024-02-20 08:36:52,333 [WARNING] django.request: Not Found: /media/images/card/1-16번.png
2024-02-20 08:37:04,040 [WARNING] django.request: Not Found: /media/images/card/1-1번.png
2024-02-20 08:37:04,041 [WARNING] django.request: Not Found: /media/images/card/1-2번.png
2024-02-20 08:37:04,042 [WARNING] django.request: Not Found: /media/images/card/1-4번.png
2024-02-20 08:37:04,043 [WARNING] django.request: Not Found: /media/images/card/1-6번.png
2024-02-20 08:37:04,044 [WARNING] django.request: Not Found: /media/images/card/1-3번.png
2024-02-20 08:37:04,049 [WARNING] django.request: Not Found: /media/images/card/1-5번.png
2024-02-20 08:37:04,055 [WARNING] django.request: Not Found: /media/images/card/1-8번.png
2024-02-20 08:37:04,055 [WARNING] django.request: Not Found: /media/images/card/1-7번.png
2024-02-20 08:37:04,067 [WARNING] django.request: Not Found: /media/images/card/1-9번.png
2024-02-20 08:37:04,071 [WARNING] django.request: Not Found: /media/images/card/1-11번.png
2024-02-20 08:37:04,072 [WARNING] django.request: Not Found: /media/images/card/1-10번.png
2024-02-20 08:37:04,074 [WARNING] django.request: Not Found: /media/images/card/1-12번.png
2024-02-20 08:37:04,076 [WARNING] django.request: Not Found: /media/images/card/1-13번.png
2024-02-20 08:37:04,077 [WARNING] django.request: Not Found: /media/images/card/1-20번.png
2024-02-20 08:37:04,078 [WARNING] django.request: Not Found: /media/images/card/1-15번.png
2024-02-20 08:37:04,086 [WARNING] django.request: Not Found: /media/images/card/1-14번.png
2024-02-20 08:37:04,089 [WARNING] django.request: Not Found: /media/images/card/1-19번.png
2024-02-20 08:37:04,089 [WARNING] django.request: Not Found: /media/images/card/1-18번.png
2024-02-20 08:37:04,091 [WARNING] django.request: Not Found: /media/images/card/1-16번.png
2024-02-20 08:37:04,091 [WARNING] django.request: Not Found: /media/images/card/1-17번.png
2024-02-20 08:37:07,800 [WARNING] django.request: Not Found: /media/images/card/2-1번.png
2024-02-20 08:37:07,802 [WARNING] django.request: Not Found: /media/images/card/2-2번.png
2024-02-20 08:37:07,802 [WARNING] django.request: Not Found: /media/images/card/2-3번.png
2024-02-20 08:37:07,804 [WARNING] django.request: Not Found: /media/images/card/2-4번.png
2024-02-20 08:37:07,804 [WARNING] django.request: Not Found: /media/images/card/2-5번.png
2024-02-20 08:37:07,806 [WARNING] django.request: Not Found: /media/images/card/2-6번.png
2024-02-20 08:37:07,810 [WARNING] django.request: Not Found: /media/images/card/2-7번.png
2024-02-20 08:37:07,811 [WARNING] django.request: Not Found: /media/images/card/2-8번.png
2024-02-20 08:37:07,814 [WARNING] django.request: Not Found: /media/images/card/2-9번.png
2024-02-20 08:37:07,817 [WARNING] django.request: Not Found: /media/images/card/2-15번.png
2024-02-20 08:37:07,819 [WARNING] django.request: Not Found: /media/images/card/2-11번.png
2024-02-20 08:37:07,820 [WARNING] django.request: Not Found: /media/images/card/2-17번.png
2024-02-20 08:37:07,821 [WARNING] django.request: Not Found: /media/images/card/2-12번.png
2024-02-20 08:37:07,822 [WARNING] django.request: Not Found: /media/images/card/2-13번.png
2024-02-20 08:37:07,824 [WARNING] django.request: Not Found: /media/images/card/2-10번.png
2024-02-20 08:37:07,827 [WARNING] django.request: Not Found: /media/images/card/2-14번.png
2024-02-20 08:37:07,837 [WARNING] django.request: Not Found: /media/images/card/2-16번.png
2024-02-20 08:37:16,707 [WARNING] django.request: Not Found: /media/images/card/1-1번.png
2024-02-20 08:37:16,712 [WARNING] django.request: Not Found: /media/images/card/1-2번.png
2024-02-20 08:37:16,712 [WARNING] django.request: Not Found: /media/images/card/1-3번.png
2024-02-20 08:37:16,715 [WARNING] django.request: Not Found: /media/images/card/1-5번.png
2024-02-20 08:37:16,715 [WARNING] django.request: Not Found: /media/images/card/1-6번.png
2024-02-20 08:37:16,716 [WARNING] django.request: Not Found: /media/images/card/1-4번.png
2024-02-20 08:37:16,726 [WARNING] django.request: Not Found: /media/images/card/1-16번.png
2024-02-20 08:37:16,726 [WARNING] django.request: Not Found: /media/images/card/1-20번.png
2024-02-20 08:37:16,728 [WARNING] django.request: Not Found: /media/images/card/1-15번.png
2024-02-20 08:37:16,730 [WARNING] django.request: Not Found: /media/images/card/1-10번.png
2024-02-20 08:37:16,732 [WARNING] django.request: Not Found: /media/images/card/1-19번.png
2024-02-20 08:37:16,735 [WARNING] django.request: Not Found: /media/images/card/1-8번.png
2024-02-20 08:37:16,738 [WARNING] django.request: Not Found: /media/images/card/1-18번.png
2024-02-20 08:37:16,740 [WARNING] django.request: Not Found: /media/images/card/1-14번.png
2024-02-20 08:37:16,742 [WARNING] django.request: Not Found: /media/images/card/1-7번.png
2024-02-20 08:37:16,742 [WARNING] django.request: Not Found: /media/images/card/1-12번.png
2024-02-20 08:37:16,746 [WARNING] django.request: Not Found: /media/images/card/1-11번.png
2024-02-20 08:37:16,746 [WARNING] django.request: Not Found: /media/images/card/1-13번.png
2024-02-20 08:37:16,749 [WARNING] django.request: Not Found: /media/images/card/1-17번.png
2024-02-20 08:37:16,752 [WARNING] django.request: Not Found: /media/images/card/1-9번.png
2024-02-20 08:38:53,530 [WARNING] django.request: Not Found: /media/images/card/1-1번.png
2024-02-20 08:38:53,556 [WARNING] django.request: Not Found: /media/images/card/1-2번.png
2024-02-20 08:38:53,558 [WARNING] django.request: Not Found: /media/images/card/1-3번.png
2024-02-20 08:38:53,558 [WARNING] django.request: Not Found: /media/images/card/1-4번.png
2024-02-20 08:38:53,561 [WARNING] django.request: Not Found: /media/images/card/1-16번.png
2024-02-20 08:38:53,562 [WARNING] django.request: Not Found: /media/images/card/1-7번.png
2024-02-20 08:38:53,577 [WARNING] django.request: Not Found: /media/images/card/1-9번.png
2024-02-20 08:38:53,578 [WARNING] django.request: Not Found: /media/images/card/1-14번.png
2024-02-20 08:38:53,580 [WARNING] django.request: Not Found: /media/images/card/1-18번.png
2024-02-20 08:38:53,581 [WARNING] django.request: Not Found: /media/images/card/1-10번.png
2024-02-20 08:38:53,582 [WARNING] django.request: Not Found: /media/images/card/1-8번.png
2024-02-20 08:38:53,587 [WARNING] django.request: Not Found: /media/images/card/1-13번.png
2024-02-20 08:38:53,594 [WARNING] django.request: Not Found: /media/images/card/1-11번.png
2024-02-20 08:38:53,594 [WARNING] django.request: Not Found: /media/images/card/1-12번.png
2024-02-20 08:38:53,596 [WARNING] django.request: Not Found: /media/images/card/1-17번.png
2024-02-20 08:38:53,597 [WARNING] django.request: Not Found: /media/images/card/1-19번.png
2024-02-20 08:38:53,600 [WARNING] django.request: Not Found: /media/images/card/1-20번.png
2024-02-20 08:38:53,603 [WARNING] django.request: Not Found: /media/images/card/1-15번.png
2024-02-20 08:38:53,605 [WARNING] django.request: Not Found: /media/images/card/1-5번.png
2024-02-20 08:38:53,606 [WARNING] django.request: Not Found: /media/images/card/1-6번.png
2024-02-20 08:42:03,041 [WARNING] django.request: Not Found: /robots.txt
2024-02-20 08:49:17,882 [WARNING] django.request: Not Found: /.env
2024-02-20 09:10:43,812 [WARNING] django.request: Not Found: /.env
2024-02-20 09:10:45,049 [WARNING] django.security.csrf: Forbidden (Referer checking failed - no Referer.): /
2024-02-20 11:04:24,750 [WARNING] django.request: Not Found: /search/
2024-02-20 11:04:41,465 [WARNING] django.request: Not Found: /media/images/card/1-2번.png
2024-02-20 11:04:41,466 [WARNING] django.request: Not Found: /media/images/card/1-1번.png
2024-02-20 11:04:41,475 [WARNING] django.request: Not Found: /media/images/card/1-3번.png
2024-02-20 11:04:41,476 [WARNING] django.request: Not Found: /media/images/card/1-5번.png
2024-02-20 11:04:41,477 [WARNING] django.request: Not Found: /media/images/card/1-4번.png
2024-02-20 11:04:41,479 [WARNING] django.request: Not Found: /media/images/card/1-6번.png
2024-02-20 11:04:41,483 [WARNING] django.request: Not Found: /media/images/card/1-7번.png
2024-02-20 11:04:41,483 [WARNING] django.request: Not Found: /media/images/card/1-8번.png
2024-02-20 11:04:41,485 [WARNING] django.request: Not Found: /media/images/card/1-16번.png
2024-02-20 11:04:41,486 [WARNING] django.request: Not Found: /media/images/card/1-9번.png
2024-02-20 11:04:41,488 [WARNING] django.request: Not Found: /media/images/card/1-10번.png
2024-02-20 11:04:41,488 [WARNING] django.request: Not Found: /media/images/card/1-14번.png
2024-02-20 11:04:41,491 [WARNING] django.request: Not Found: /media/images/card/1-20번.png
2024-02-20 11:04:41,494 [WARNING] django.request: Not Found: /media/images/card/1-12번.png
2024-02-20 11:04:41,502 [WARNING] django.request: Not Found: /media/images/card/1-15번.png
2024-02-20 11:04:41,503 [WARNING] django.request: Not Found: /media/images/card/1-17번.png
2024-02-20 11:04:41,505 [WARNING] django.request: Not Found: /media/images/card/1-18번.png
2024-02-20 11:04:41,506 [WARNING] django.request: Not Found: /media/images/card/1-19번.png
2024-02-20 11:04:41,508 [WARNING] django.request: Not Found: /media/images/card/1-11번.png
2024-02-20 11:04:41,508 [WARNING] django.request: Not Found: /media/images/card/1-13번.png
2024-02-20 11:04:46,912 [WARNING] django.request: Not Found: /media/images/card/1-1번.png
2024-02-20 11:04:46,913 [WARNING] django.request: Not Found: /media/images/card/1-2번.png
2024-02-20 11:04:46,915 [WARNING] django.request: Not Found: /media/images/card/1-5번.png
2024-02-20 11:04:46,916 [WARNING] django.request: Not Found: /media/images/card/1-6번.png
2024-02-20 11:04:46,916 [WARNING] django.request: Not Found: /media/images/card/1-3번.png
2024-02-20 11:04:46,918 [WARNING] django.request: Not Found: /media/images/card/1-4번.png
2024-02-20 11:04:46,938 [WARNING] django.request: Not Found: /media/images/card/1-18번.png
2024-02-20 11:04:46,938 [WARNING] django.request: Not Found: /media/images/card/1-10번.png
2024-02-20 11:04:46,941 [WARNING] django.request: Not Found: /media/images/card/1-16번.png
2024-02-20 11:04:46,941 [WARNING] django.request: Not Found: /media/images/card/1-20번.png
2024-02-20 11:04:46,943 [WARNING] django.request: Not Found: /media/images/card/1-15번.png
2024-02-20 11:04:46,951 [WARNING] django.request: Not Found: /media/images/card/1-8번.png
2024-02-20 11:04:46,953 [WARNING] django.request: Not Found: /media/images/card/1-13번.png
2024-02-20 11:04:46,952 [WARNING] django.request: Not Found: /media/images/card/1-19번.png
2024-02-20 11:04:46,954 [WARNING] django.request: Not Found: /media/images/card/1-7번.png
2024-02-20 11:04:46,955 [WARNING] django.request: Not Found: /media/images/card/1-9번.png
2024-02-20 11:04:46,956 [WARNING] django.request: Not Found: /media/images/card/1-14번.png
2024-02-20 11:04:46,960 [WARNING] django.request: Not Found: /media/images/card/1-11번.png
2024-02-20 11:04:46,963 [WARNING] django.request: Not Found: /media/images/card/1-17번.png
2024-02-20 11:04:46,963 [WARNING] django.request: Not Found: /media/images/card/1-12번.png
2024-02-20 11:05:13,496 [WARNING] django.request: Not Found: /media/images/card/1-1번.png
2024-02-20 11:05:46,110 [WARNING] django.request: Not Found: /media/images/card/1-1번.png
2024-02-20 11:09:46,700 [WARNING] django.request: Not Found: /media/images/card/1-1번.png
2024-02-20 11:10:09,099 [WARNING] django.request: Not Found: /media/images/card/1-1번.png
2024-02-20 11:10:09,099 [WARNING] django.request: Not Found: /media/images/card/1-4번.png
2024-02-20 11:10:09,109 [WARNING] django.request: Not Found: /media/images/card/1-6번.png
2024-02-20 11:10:09,110 [WARNING] django.request: Not Found: /media/images/card/1-2번.png
2024-02-20 11:10:09,118 [WARNING] django.request: Not Found: /media/images/card/1-3번.png
2024-02-20 11:10:09,119 [WARNING] django.request: Not Found: /media/images/card/1-5번.png
2024-02-20 11:10:09,125 [WARNING] django.request: Not Found: /media/images/card/1-7번.png
2024-02-20 11:10:09,126 [WARNING] django.request: Not Found: /media/images/card/1-8번.png
2024-02-20 11:10:09,127 [WARNING] django.request: Not Found: /media/images/card/1-18번.png
2024-02-20 11:10:09,128 [WARNING] django.request: Not Found: /media/images/card/1-17번.png
2024-02-20 11:10:09,134 [WARNING] django.request: Not Found: /media/images/card/1-15번.png
2024-02-20 11:10:09,137 [WARNING] django.request: Not Found: /media/images/card/1-10번.png
2024-02-20 11:10:09,139 [WARNING] django.request: Not Found: /media/images/card/1-9번.png
2024-02-20 11:10:09,139 [WARNING] django.request: Not Found: /media/images/card/1-16번.png
2024-02-20 11:10:09,143 [WARNING] django.request: Not Found: /media/images/card/1-13번.png
2024-02-20 11:10:09,144 [WARNING] django.request: Not Found: /media/images/card/1-19번.png
2024-02-20 11:10:09,152 [WARNING] django.request: Not Found: /media/images/card/1-20번.png
2024-02-20 11:10:09,154 [WARNING] django.request: Not Found: /media/images/card/1-12번.png
2024-02-20 11:10:09,155 [WARNING] django.request: Not Found: /media/images/card/1-11번.png
2024-02-20 11:10:09,156 [WARNING] django.request: Not Found: /media/images/card/1-14번.png
2024-02-20 11:11:52,994 [WARNING] django.request: Not Found: /media/images/card/1-1번.png
2024-02-20 11:11:53,009 [WARNING] django.request: Not Found: /media/images/card/1-7번.png
2024-02-20 11:11:53,010 [WARNING] django.request: Not Found: /media/images/card/1-14번.png
2024-02-20 11:11:53,012 [WARNING] django.request: Not Found: /media/images/card/1-17번.png
2024-02-20 11:11:53,013 [WARNING] django.request: Not Found: /media/images/card/1-11번.png
2024-02-20 11:11:53,015 [WARNING] django.request: Not Found: /media/images/card/1-16번.png
2024-02-20 11:11:53,015 [WARNING] django.request: Not Found: /media/images/card/1-15번.png
2024-02-20 11:11:53,019 [WARNING] django.request: Not Found: /media/images/card/1-20번.png
2024-02-20 11:11:53,021 [WARNING] django.request: Not Found: /media/images/card/1-9번.png
2024-02-20 11:11:53,029 [WARNING] django.request: Not Found: /media/images/card/1-8번.png
2024-02-20 11:11:53,030 [WARNING] django.request: Not Found: /media/images/card/1-10번.png
2024-02-20 11:11:53,031 [WARNING] django.request: Not Found: /media/images/card/1-18번.png
2024-02-20 11:11:53,032 [WARNING] django.request: Not Found: /media/images/card/1-19번.png
2024-02-20 11:11:53,033 [WARNING] django.request: Not Found: /media/images/card/1-12번.png
2024-02-20 11:11:53,034 [WARNING] django.request: Not Found: /media/images/card/1-13번.png
2024-02-20 11:11:53,037 [WARNING] django.request: Not Found: /media/images/card/1-2번.png
2024-02-20 11:11:53,039 [WARNING] django.request: Not Found: /media/images/card/1-3번.png
2024-02-20 11:11:53,039 [WARNING] django.request: Not Found: /media/images/card/1-4번.png
2024-02-20 11:11:53,041 [WARNING] django.request: Not Found: /media/images/card/1-6번.png
2024-02-20 11:11:53,041 [WARNING] django.request: Not Found: /media/images/card/1-5번.png
2024-02-20 11:26:25,674 [WARNING] django.request: Not Found: /_profiler/phpinfo
2024-02-20 12:42:37,228 [WARNING] django.request: Not Found: /robots.txt
2024-02-20 12:42:38,815 [WARNING] django.request: Not Found: /humans.txt
2024-02-20 12:42:40,426 [WARNING] django.request: Not Found: /ads.txt
2024-02-20 13:14:32,190 [WARNING] django.request: Not Found: /robots.txt
2024-02-20 13:33:52,000 [WARNING] django.request: Not Found: /.env
2024-02-20 13:33:53,245 [WARNING] django.security.csrf: Forbidden (Referer checking failed - no Referer.): /
2024-02-20 13:37:23,204 [WARNING] django.request: Not Found: //
2024-02-20 16:34:08,912 [WARNING] django.request: Not Found: /MdZQ
2024-02-20 16:34:09,864 [WARNING] django.request: Not Found: /SAcf
2024-02-20 16:34:10,401 [WARNING] django.request: Not Found: /aab8
2024-02-20 16:34:10,942 [WARNING] django.request: Not Found: /jquery-3.3.1.slim.min.js
2024-02-20 16:34:11,485 [WARNING] django.request: Not Found: /aab9
2024-02-20 16:34:12,209 [WARNING] django.request: Not Found: /jquery-3.3.2.slim.min.js
2024-02-20 17:53:12,071 [WARNING] django.request: Not Found: /ReportServer
2024-02-20 18:33:36,125 [WARNING] django.request: Not Found: /config.json
2024-02-20 18:44:56,125 [WARNING] django.request: Not Found: /actuator/health
2024-02-20 18:55:07,319 [WARNING] django.request: Not Found: /.env
2024-02-20 18:55:09,013 [WARNING] django.security.csrf: Forbidden (Referer checking failed - no Referer.): /
2024-02-20 19:34:24,714 [WARNING] django.request: Not Found: /composere.php
2024-02-20 19:36:19,990 [WARNING] django.request: Not Found: /.env
2024-02-20 19:36:20,282 [WARNING] django.security.csrf: Forbidden (Referer checking failed - no Referer.): /
2024-02-20 19:55:16,878 [WARNING] django.request: Not Found: /zy/api/i.js
2024-02-20 20:59:27,732 [WARNING] django.request: Not Found: /.env
2024-02-20 22:35:47,193 [WARNING] django.request: Not Found: //cdn.js
2024-02-20 22:35:47,197 [WARNING] django.request: Not Found: /dist/js/bootstrap.bundle.min.js
2024-02-20 23:50:46,959 [WARNING] django.request: Not Found: /.env
2024-02-20 23:50:48,349 [WARNING] django.security.csrf: Forbidden (Referer checking failed - no Referer.): /
2024-02-21 00:48:43,410 [WARNING] django.request: Not Found: /webui/
2024-02-21 00:58:41,491 [WARNING] django.request: Not Found: /.git/config
2024-02-21 01:14:51,490 [WARNING] django.request: Not Found: /dist/js/bootstrap.bundle.min.js
2024-02-21 01:14:51,501 [WARNING] django.request: Not Found: //cdn.js
2024-02-21 01:15:13,183 [WARNING] django.request: Not Found: //cdn.js
2024-02-21 01:15:13,194 [WARNING] django.request: Not Found: /dist/js/bootstrap.bundle.min.js
2024-02-21 01:15:34,533 [WARNING] django.request: Not Found: //cdn.js
2024-02-21 01:15:35,754 [WARNING] django.request: Not Found: /dist/js/bootstrap.bundle.min.js
2024-02-21 01:16:01,628 [WARNING] django.request: Not Found: //cdn.js
2024-02-21 01:16:01,641 [WARNING] django.request: Not Found: /dist/js/bootstrap.bundle.min.js
2024-02-21 02:30:06,887 [WARNING] django.request: Not Found: //cdn.js
2024-02-21 02:30:06,921 [WARNING] django.request: Not Found: /dist/js/bootstrap.bundle.min.js
2024-02-21 04:05:22,018 [WARNING] django.request: Not Found: /robots.txt
2024-02-21 04:34:30,952 [WARNING] django.request: Not Found: /.env
2024-02-21 04:34:32,139 [WARNING] django.security.csrf: Forbidden (Referer checking failed - no Referer.): /
2024-02-21 05:44:40,921 [WARNING] django.request: Not Found: /manager/html
2024-02-21 07:30:06,828 [WARNING] django.request: Not Found: /dist/js/bootstrap.bundle.min.js
2024-02-21 07:30:06,840 [WARNING] django.request: Not Found: //cdn.js
2024-02-21 07:30:58,815 [WARNING] django.request: Not Found: //cdn.js
2024-02-21 07:30:58,871 [WARNING] django.request: Not Found: /dist/js/bootstrap.bundle.min.js
2024-02-21 08:01:54,348 [WARNING] django.request: Not Found: /.env
2024-02-21 08:01:55,691 [WARNING] django.security.csrf: Forbidden (Referer checking failed - no Referer.): /
2024-02-21 08:20:41,945 [ERROR] django.request: Internal Server Error: /export_structural_summary/61/
